\BOOKMARK [0][-]{section*.1}{\376\377\000I\000l\000l\000u\000s\000t\000r\000a\000t\000i\000o\000n\000s}{}% 1
\BOOKMARK [0][-]{chapter.1}{\376\377\000I\000n\000t\000r\000o\000d\000u\000c\000t\000i\000o\000n}{}% 2
\BOOKMARK [0][-]{chapter.2}{\376\377\000W\000h\000a\000t\000\040\000w\000e\000\040\000a\000r\000e\000\040\000t\000a\000l\000k\000i\000n\000g\000\040\000a\000b\000o\000u\000t}{}% 3
\BOOKMARK [1][-]{section.2.1}{\376\377\000I\000l\000l\000u\000s\000t\000r\000a\000t\000i\000o\000n\000\040\000e\000x\000a\000m\000p\000l\000e}{chapter.2}% 4
\BOOKMARK [1][-]{section.2.2}{\376\377\000E\000v\000a\000l\000u\000a\000t\000i\000o\000n\000\040\000c\000r\000i\000t\000e\000r\000i\000a}{chapter.2}% 5
\BOOKMARK [1][-]{section.2.3}{\376\377\000P\000e\000r\000f\000o\000r\000m\000a\000n\000c\000e\000\040\000o\000v\000e\000r\000h\000e\000a\000d\000\040\000e\000v\000a\000l\000u\000a\000t\000i\000o\000n}{chapter.2}% 6
\BOOKMARK [0][-]{chapter.3}{\376\377\000A\000n\000o\000n\000y\000m\000o\000u\000s\000\040\000s\000u\000b\000c\000l\000a\000s\000s\000e\000s}{}% 7
\BOOKMARK [1][-]{section.3.1}{\376\377\000W\000h\000a\000t\000\040\000a\000r\000e\000\040\000T\000a\000l\000e\000n\000t\000s}{chapter.3}% 8
\BOOKMARK [1][-]{section.3.2}{\376\377\000E\000x\000a\000m\000p\000l\000e}{chapter.3}% 9
\BOOKMARK [2][-]{section*.2}{\376\377\000I\000n\000s\000t\000a\000l\000l\000i\000n\000g\000\040\000T\000a\000l\000e\000n\000t\000s}{section.3.2}% 10
\BOOKMARK [2][-]{section*.3}{\376\377\000E\000x\000a\000m\000p\000l\000e}{section.3.2}% 11
\BOOKMARK [1][-]{section.3.3}{\376\377\000E\000v\000a\000l\000u\000a\000t\000i\000o\000n}{chapter.3}% 12
\BOOKMARK [0][-]{chapter.4}{\376\377\000T\000a\000l\000e\000n\000t\000s}{}% 13
\BOOKMARK [1][-]{section.4.1}{\376\377\000W\000h\000a\000t\000\040\000a\000r\000e\000\040\000T\000a\000l\000e\000n\000t\000s}{chapter.4}% 14
\BOOKMARK [1][-]{section.4.2}{\376\377\000E\000x\000a\000m\000p\000l\000e}{chapter.4}% 15
\BOOKMARK [2][-]{section*.4}{\376\377\000I\000n\000s\000t\000a\000l\000l\000i\000n\000g\000\040\000T\000a\000l\000e\000n\000t\000s}{section.4.2}% 16
\BOOKMARK [2][-]{section*.5}{\376\377\000E\000x\000a\000m\000p\000l\000e}{section.4.2}% 17
\BOOKMARK [1][-]{section.4.3}{\376\377\000E\000v\000a\000l\000u\000a\000t\000i\000o\000n}{chapter.4}% 18
\BOOKMARK [0][-]{chapter.5}{\376\377\000P\000r\000o\000x\000i\000e\000s}{}% 19
\BOOKMARK [1][-]{section.5.1}{\376\377\000W\000h\000a\000t\000\040\000a\000r\000e\000\040\000T\000a\000l\000e\000n\000t\000s}{chapter.5}% 20
\BOOKMARK [1][-]{section.5.2}{\376\377\000E\000x\000a\000m\000p\000l\000e}{chapter.5}% 21
\BOOKMARK [2][-]{section*.6}{\376\377\000I\000n\000s\000t\000a\000l\000l\000i\000n\000g\000\040\000T\000a\000l\000e\000n\000t\000s}{section.5.2}% 22
\BOOKMARK [2][-]{section*.7}{\376\377\000E\000x\000a\000m\000p\000l\000e}{section.5.2}% 23
\BOOKMARK [1][-]{section.5.3}{\376\377\000E\000v\000a\000l\000u\000a\000t\000i\000o\000n}{chapter.5}% 24
\BOOKMARK [0][-]{chapter.6}{\376\377\000R\000e\000f\000l\000e\000c\000t\000i\000v\000i\000t\000y}{}% 25
\BOOKMARK [1][-]{section.6.1}{\376\377\000W\000h\000a\000t\000\040\000a\000r\000e\000\040\000T\000a\000l\000e\000n\000t\000s}{chapter.6}% 26
\BOOKMARK [1][-]{section.6.2}{\376\377\000E\000x\000a\000m\000p\000l\000e}{chapter.6}% 27
\BOOKMARK [2][-]{section*.8}{\376\377\000I\000n\000s\000t\000a\000l\000l\000i\000n\000g\000\040\000T\000a\000l\000e\000n\000t\000s}{section.6.2}% 28
\BOOKMARK [2][-]{section*.9}{\376\377\000E\000x\000a\000m\000p\000l\000e}{section.6.2}% 29
\BOOKMARK [1][-]{section.6.3}{\376\377\000E\000v\000a\000l\000u\000a\000t\000i\000o\000n}{chapter.6}% 30
\BOOKMARK [0][-]{chapter.7}{\376\377\000L\000o\000w\000-\000l\000e\000v\000e\000l\000\040\000t\000e\000c\000h\000n\000i\000q\000u\000e\000s}{}% 31
\BOOKMARK [1][-]{section.7.1}{\376\377\000E\000x\000a\000m\000p\000l\000e}{chapter.7}% 32
\BOOKMARK [2][-]{section*.10}{\376\377\000I\000n\000s\000t\000a\000l\000l\000i\000n\000g\000\040\000T\000a\000l\000e\000n\000t\000s}{section.7.1}% 33
\BOOKMARK [2][-]{section*.11}{\376\377\000E\000x\000a\000m\000p\000l\000e}{section.7.1}% 34
\BOOKMARK [1][-]{section.7.2}{\376\377\000E\000v\000a\000l\000u\000a\000t\000i\000o\000n}{chapter.7}% 35
\BOOKMARK [0][-]{chapter.8}{\376\377\000C\000o\000n\000c\000l\000u\000s\000i\000o\000n}{}% 36
\BOOKMARK [1][-]{section.8.1}{\376\377\000E\000x\000a\000m\000p\000l\000e}{chapter.8}% 37
\BOOKMARK [2][-]{section*.12}{\376\377\000I\000n\000s\000t\000a\000l\000l\000i\000n\000g\000\040\000T\000a\000l\000e\000n\000t\000s}{section.8.1}% 38
\BOOKMARK [2][-]{section*.13}{\376\377\000E\000x\000a\000m\000p\000l\000e}{section.8.1}% 39
\BOOKMARK [1][-]{section.8.2}{\376\377\000E\000v\000a\000l\000u\000a\000t\000i\000o\000n}{chapter.8}% 40
\BOOKMARK [0][-]{chapter*.14}{\376\377\000B\000i\000b\000l\000i\000o\000g\000r\000a\000p\000h\000y}{}% 41
